<?xml version="1.0" encoding="UTF-8"?>
<testsuite xmlns:xsi="http://www.w3.org/2001/XMLSchema-instance" xsi:noNamespaceSchemaLocation="https://maven.apache.org/surefire/maven-surefire-plugin/xsd/surefire-test-report.xsd" name="com.atbjut.boot.Springboot02ApplicationTests" time="2.423" tests="1" errors="0" skipped="0" failures="0">
  <properties>
    <property name="sun.desktop" value="windows"/>
    <property name="awt.toolkit" value="sun.awt.windows.WToolkit"/>
    <property name="java.specification.version" value="11"/>
    <property name="sun.cpu.isalist" value="amd64"/>
    <property name="sun.jnu.encoding" value="GBK"/>
    <property name="java.class.path" value="E:\Workspace\ideaSpace\springboot-02\target\test-classes;E:\Workspace\ideaSpace\springboot-02\target\classes;E:\Software\Maven\apache-maven-3.8.5\mavenRepo\org\springframework\boot\spring-boot-starter-web\2.7.9\spring-boot-starter-web-2.7.9.jar;E:\Software\Maven\apache-maven-3.8.5\mavenRepo\org\springframework\boot\spring-boot-starter\2.7.9\spring-boot-starter-2.7.9.jar;E:\Software\Maven\apache-maven-3.8.5\mavenRepo\org\springframework\boot\spring-boot-starter-logging\2.7.9\spring-boot-starter-logging-2.7.9.jar;E:\Software\Maven\apache-maven-3.8.5\mavenRepo\ch\qos\logback\logback-classic\1.2.11\logback-classic-1.2.11.jar;E:\Software\Maven\apache-maven-3.8.5\mavenRepo\ch\qos\logback\logback-core\1.2.11\logback-core-1.2.11.jar;E:\Software\Maven\apache-maven-3.8.5\mavenRepo\org\apache\logging\log4j\log4j-to-slf4j\2.17.2\log4j-to-slf4j-2.17.2.jar;E:\Software\Maven\apache-maven-3.8.5\mavenRepo\org\apache\logging\log4j\log4j-api\2.17.2\log4j-api-2.17.2.jar;E:\Software\Maven\apache-maven-3.8.5\mavenRepo\org\slf4j\jul-to-slf4j\1.7.36\jul-to-slf4j-1.7.36.jar;E:\Software\Maven\apache-maven-3.8.5\mavenRepo\jakarta\annotation\jakarta.annotation-api\1.3.5\jakarta.annotation-api-1.3.5.jar;E:\Software\Maven\apache-maven-3.8.5\mavenRepo\org\yaml\snakeyaml\1.30\snakeyaml-1.30.jar;E:\Software\Maven\apache-maven-3.8.5\mavenRepo\org\springframework\boot\spring-boot-starter-json\2.7.9\spring-boot-starter-json-2.7.9.jar;E:\Software\Maven\apache-maven-3.8.5\mavenRepo\com\fasterxml\jackson\core\jackson-databind\2.13.5\jackson-databind-2.13.5.jar;E:\Software\Maven\apache-maven-3.8.5\mavenRepo\com\fasterxml\jackson\core\jackson-core\2.13.5\jackson-core-2.13.5.jar;E:\Software\Maven\apache-maven-3.8.5\mavenRepo\com\fasterxml\jackson\datatype\jackson-datatype-jdk8\2.13.5\jackson-datatype-jdk8-2.13.5.jar;E:\Software\Maven\apache-maven-3.8.5\mavenRepo\com\fasterxml\jackson\datatype\jackson-datatype-jsr310\2.13.5\jackson-datatype-jsr310-2.13.5.jar;E:\Software\Maven\apache-maven-3.8.5\mavenRepo\com\fasterxml\jackson\module\jackson-module-parameter-names\2.13.5\jackson-module-parameter-names-2.13.5.jar;E:\Software\Maven\apache-maven-3.8.5\mavenRepo\org\springframework\boot\spring-boot-starter-tomcat\2.7.9\spring-boot-starter-tomcat-2.7.9.jar;E:\Software\Maven\apache-maven-3.8.5\mavenRepo\org\apache\tomcat\embed\tomcat-embed-core\9.0.71\tomcat-embed-core-9.0.71.jar;E:\Software\Maven\apache-maven-3.8.5\mavenRepo\org\apache\tomcat\embed\tomcat-embed-el\9.0.71\tomcat-embed-el-9.0.71.jar;E:\Software\Maven\apache-maven-3.8.5\mavenRepo\org\apache\tomcat\embed\tomcat-embed-websocket\9.0.71\tomcat-embed-websocket-9.0.71.jar;E:\Software\Maven\apache-maven-3.8.5\mavenRepo\org\springframework\spring-web\5.3.25\spring-web-5.3.25.jar;E:\Software\Maven\apache-maven-3.8.5\mavenRepo\org\springframework\spring-beans\5.3.25\spring-beans-5.3.25.jar;E:\Software\Maven\apache-maven-3.8.5\mavenRepo\org\springframework\spring-webmvc\5.3.25\spring-webmvc-5.3.25.jar;E:\Software\Maven\apache-maven-3.8.5\mavenRepo\org\springframework\spring-aop\5.3.25\spring-aop-5.3.25.jar;E:\Software\Maven\apache-maven-3.8.5\mavenRepo\org\springframework\spring-context\5.3.25\spring-context-5.3.25.jar;E:\Software\Maven\apache-maven-3.8.5\mavenRepo\org\springframework\spring-expression\5.3.25\spring-expression-5.3.25.jar;E:\Software\Maven\apache-maven-3.8.5\mavenRepo\org\springframework\boot\spring-boot-devtools\2.7.9\spring-boot-devtools-2.7.9.jar;E:\Software\Maven\apache-maven-3.8.5\mavenRepo\org\springframework\boot\spring-boot\2.7.9\spring-boot-2.7.9.jar;E:\Software\Maven\apache-maven-3.8.5\mavenRepo\org\springframework\boot\spring-boot-autoconfigure\2.7.9\spring-boot-autoconfigure-2.7.9.jar;E:\Software\Maven\apache-maven-3.8.5\mavenRepo\org\springframework\boot\spring-boot-configuration-processor\2.7.9\spring-boot-configuration-processor-2.7.9.jar;E:\Software\Maven\apache-maven-3.8.5\mavenRepo\org\springframework\boot\spring-boot-starter-test\2.7.9\spring-boot-starter-test-2.7.9.jar;E:\Software\Maven\apache-maven-3.8.5\mavenRepo\org\springframework\boot\spring-boot-test\2.7.9\spring-boot-test-2.7.9.jar;E:\Software\Maven\apache-maven-3.8.5\mavenRepo\org\springframework\boot\spring-boot-test-autoconfigure\2.7.9\spring-boot-test-autoconfigure-2.7.9.jar;E:\Software\Maven\apache-maven-3.8.5\mavenRepo\com\jayway\jsonpath\json-path\2.7.0\json-path-2.7.0.jar;E:\Software\Maven\apache-maven-3.8.5\mavenRepo\net\minidev\json-smart\2.4.8\json-smart-2.4.8.jar;E:\Software\Maven\apache-maven-3.8.5\mavenRepo\net\minidev\accessors-smart\2.4.8\accessors-smart-2.4.8.jar;E:\Software\Maven\apache-maven-3.8.5\mavenRepo\org\ow2\asm\asm\9.1\asm-9.1.jar;E:\Software\Maven\apache-maven-3.8.5\mavenRepo\jakarta\xml\bind\jakarta.xml.bind-api\2.3.3\jakarta.xml.bind-api-2.3.3.jar;E:\Software\Maven\apache-maven-3.8.5\mavenRepo\jakarta\activation\jakarta.activation-api\1.2.2\jakarta.activation-api-1.2.2.jar;E:\Software\Maven\apache-maven-3.8.5\mavenRepo\org\assertj\assertj-core\3.22.0\assertj-core-3.22.0.jar;E:\Software\Maven\apache-maven-3.8.5\mavenRepo\org\hamcrest\hamcrest\2.2\hamcrest-2.2.jar;E:\Software\Maven\apache-maven-3.8.5\mavenRepo\org\junit\jupiter\junit-jupiter\5.8.2\junit-jupiter-5.8.2.jar;E:\Software\Maven\apache-maven-3.8.5\mavenRepo\org\junit\jupiter\junit-jupiter-api\5.8.2\junit-jupiter-api-5.8.2.jar;E:\Software\Maven\apache-maven-3.8.5\mavenRepo\org\opentest4j\opentest4j\1.2.0\opentest4j-1.2.0.jar;E:\Software\Maven\apache-maven-3.8.5\mavenRepo\org\junit\platform\junit-platform-commons\1.8.2\junit-platform-commons-1.8.2.jar;E:\Software\Maven\apache-maven-3.8.5\mavenRepo\org\apiguardian\apiguardian-api\1.1.2\apiguardian-api-1.1.2.jar;E:\Software\Maven\apache-maven-3.8.5\mavenRepo\org\junit\jupiter\junit-jupiter-params\5.8.2\junit-jupiter-params-5.8.2.jar;E:\Software\Maven\apache-maven-3.8.5\mavenRepo\org\junit\jupiter\junit-jupiter-engine\5.8.2\junit-jupiter-engine-5.8.2.jar;E:\Software\Maven\apache-maven-3.8.5\mavenRepo\org\junit\platform\junit-platform-engine\1.8.2\junit-platform-engine-1.8.2.jar;E:\Software\Maven\apache-maven-3.8.5\mavenRepo\org\mockito\mockito-core\4.5.1\mockito-core-4.5.1.jar;E:\Software\Maven\apache-maven-3.8.5\mavenRepo\net\bytebuddy\byte-buddy\1.12.23\byte-buddy-1.12.23.jar;E:\Software\Maven\apache-maven-3.8.5\mavenRepo\net\bytebuddy\byte-buddy-agent\1.12.23\byte-buddy-agent-1.12.23.jar;E:\Software\Maven\apache-maven-3.8.5\mavenRepo\org\objenesis\objenesis\3.2\objenesis-3.2.jar;E:\Software\Maven\apache-maven-3.8.5\mavenRepo\org\mockito\mockito-junit-jupiter\4.5.1\mockito-junit-jupiter-4.5.1.jar;E:\Software\Maven\apache-maven-3.8.5\mavenRepo\org\skyscreamer\jsonassert\1.5.1\jsonassert-1.5.1.jar;E:\Software\Maven\apache-maven-3.8.5\mavenRepo\com\vaadin\external\google\android-json\0.0.20131108.vaadin1\android-json-0.0.20131108.vaadin1.jar;E:\Software\Maven\apache-maven-3.8.5\mavenRepo\org\springframework\spring-core\5.3.25\spring-core-5.3.25.jar;E:\Software\Maven\apache-maven-3.8.5\mavenRepo\org\springframework\spring-jcl\5.3.25\spring-jcl-5.3.25.jar;E:\Software\Maven\apache-maven-3.8.5\mavenRepo\org\springframework\spring-test\5.3.25\spring-test-5.3.25.jar;E:\Software\Maven\apache-maven-3.8.5\mavenRepo\org\xmlunit\xmlunit-core\2.9.1\xmlunit-core-2.9.1.jar;E:\Software\Maven\apache-maven-3.8.5\mavenRepo\com\mysql\mysql-connector-j\8.0.32\mysql-connector-j-8.0.32.jar;E:\Software\Maven\apache-maven-3.8.5\mavenRepo\org\projectlombok\lombok\1.18.26\lombok-1.18.26.jar;E:\Software\Maven\apache-maven-3.8.5\mavenRepo\io\springfox\springfox-swagger2\2.9.2\springfox-swagger2-2.9.2.jar;E:\Software\Maven\apache-maven-3.8.5\mavenRepo\io\swagger\swagger-annotations\1.5.20\swagger-annotations-1.5.20.jar;E:\Software\Maven\apache-maven-3.8.5\mavenRepo\io\swagger\swagger-models\1.5.20\swagger-models-1.5.20.jar;E:\Software\Maven\apache-maven-3.8.5\mavenRepo\com\fasterxml\jackson\core\jackson-annotations\2.13.5\jackson-annotations-2.13.5.jar;E:\Software\Maven\apache-maven-3.8.5\mavenRepo\io\springfox\springfox-spi\2.9.2\springfox-spi-2.9.2.jar;E:\Software\Maven\apache-maven-3.8.5\mavenRepo\io\springfox\springfox-core\2.9.2\springfox-core-2.9.2.jar;E:\Software\Maven\apache-maven-3.8.5\mavenRepo\io\springfox\springfox-schema\2.9.2\springfox-schema-2.9.2.jar;E:\Software\Maven\apache-maven-3.8.5\mavenRepo\io\springfox\springfox-swagger-common\2.9.2\springfox-swagger-common-2.9.2.jar;E:\Software\Maven\apache-maven-3.8.5\mavenRepo\io\springfox\springfox-spring-web\2.9.2\springfox-spring-web-2.9.2.jar;E:\Software\Maven\apache-maven-3.8.5\mavenRepo\com\google\guava\guava\20.0\guava-20.0.jar;E:\Software\Maven\apache-maven-3.8.5\mavenRepo\com\fasterxml\classmate\1.5.1\classmate-1.5.1.jar;E:\Software\Maven\apache-maven-3.8.5\mavenRepo\org\slf4j\slf4j-api\1.7.36\slf4j-api-1.7.36.jar;E:\Software\Maven\apache-maven-3.8.5\mavenRepo\org\springframework\plugin\spring-plugin-core\1.2.0.RELEASE\spring-plugin-core-1.2.0.RELEASE.jar;E:\Software\Maven\apache-maven-3.8.5\mavenRepo\org\springframework\plugin\spring-plugin-metadata\1.2.0.RELEASE\spring-plugin-metadata-1.2.0.RELEASE.jar;E:\Software\Maven\apache-maven-3.8.5\mavenRepo\org\mapstruct\mapstruct\1.2.0.Final\mapstruct-1.2.0.Final.jar;E:\Software\Maven\apache-maven-3.8.5\mavenRepo\io\springfox\springfox-swagger-ui\2.9.2\springfox-swagger-ui-2.9.2.jar;"/>
    <property name="java.vm.vendor" value="Oracle Corporation"/>
    <property name="sun.arch.data.model" value="64"/>
    <property name="user.variant" value=""/>
    <property name="java.vendor.url" value="https://openjdk.java.net/"/>
    <property name="user.timezone" value="Asia/Shanghai"/>
    <property name="java.vm.specification.version" value="11"/>
    <property name="os.name" value="Windows 11"/>
    <property name="sun.java.launcher" value="SUN_STANDARD"/>
    <property name="user.country" value="CN"/>
    <property name="sun.boot.library.path" value="E:\Software\JDK\bin"/>
    <property name="sun.java.command" value="C:\Users\18821\AppData\Local\Temp\surefire9859202009192878599\surefirebooter11050877408374711251.jar C:\Users\18821\AppData\Local\Temp\surefire9859202009192878599 2023-03-24T13-28-31_559-jvmRun1 surefire6583094813053223013tmp surefire_02328562646815411710tmp"/>
    <property name="jdk.debug" value="release"/>
    <property name="surefire.test.class.path" value="E:\Workspace\ideaSpace\springboot-02\target\test-classes;E:\Workspace\ideaSpace\springboot-02\target\classes;E:\Software\Maven\apache-maven-3.8.5\mavenRepo\org\springframework\boot\spring-boot-starter-web\2.7.9\spring-boot-starter-web-2.7.9.jar;E:\Software\Maven\apache-maven-3.8.5\mavenRepo\org\springframework\boot\spring-boot-starter\2.7.9\spring-boot-starter-2.7.9.jar;E:\Software\Maven\apache-maven-3.8.5\mavenRepo\org\springframework\boot\spring-boot-starter-logging\2.7.9\spring-boot-starter-logging-2.7.9.jar;E:\Software\Maven\apache-maven-3.8.5\mavenRepo\ch\qos\logback\logback-classic\1.2.11\logback-classic-1.2.11.jar;E:\Software\Maven\apache-maven-3.8.5\mavenRepo\ch\qos\logback\logback-core\1.2.11\logback-core-1.2.11.jar;E:\Software\Maven\apache-maven-3.8.5\mavenRepo\org\apache\logging\log4j\log4j-to-slf4j\2.17.2\log4j-to-slf4j-2.17.2.jar;E:\Software\Maven\apache-maven-3.8.5\mavenRepo\org\apache\logging\log4j\log4j-api\2.17.2\log4j-api-2.17.2.jar;E:\Software\Maven\apache-maven-3.8.5\mavenRepo\org\slf4j\jul-to-slf4j\1.7.36\jul-to-slf4j-1.7.36.jar;E:\Software\Maven\apache-maven-3.8.5\mavenRepo\jakarta\annotation\jakarta.annotation-api\1.3.5\jakarta.annotation-api-1.3.5.jar;E:\Software\Maven\apache-maven-3.8.5\mavenRepo\org\yaml\snakeyaml\1.30\snakeyaml-1.30.jar;E:\Software\Maven\apache-maven-3.8.5\mavenRepo\org\springframework\boot\spring-boot-starter-json\2.7.9\spring-boot-starter-json-2.7.9.jar;E:\Software\Maven\apache-maven-3.8.5\mavenRepo\com\fasterxml\jackson\core\jackson-databind\2.13.5\jackson-databind-2.13.5.jar;E:\Software\Maven\apache-maven-3.8.5\mavenRepo\com\fasterxml\jackson\core\jackson-core\2.13.5\jackson-core-2.13.5.jar;E:\Software\Maven\apache-maven-3.8.5\mavenRepo\com\fasterxml\jackson\datatype\jackson-datatype-jdk8\2.13.5\jackson-datatype-jdk8-2.13.5.jar;E:\Software\Maven\apache-maven-3.8.5\mavenRepo\com\fasterxml\jackson\datatype\jackson-datatype-jsr310\2.13.5\jackson-datatype-jsr310-2.13.5.jar;E:\Software\Maven\apache-maven-3.8.5\mavenRepo\com\fasterxml\jackson\module\jackson-module-parameter-names\2.13.5\jackson-module-parameter-names-2.13.5.jar;E:\Software\Maven\apache-maven-3.8.5\mavenRepo\org\springframework\boot\spring-boot-starter-tomcat\2.7.9\spring-boot-starter-tomcat-2.7.9.jar;E:\Software\Maven\apache-maven-3.8.5\mavenRepo\org\apache\tomcat\embed\tomcat-embed-core\9.0.71\tomcat-embed-core-9.0.71.jar;E:\Software\Maven\apache-maven-3.8.5\mavenRepo\org\apache\tomcat\embed\tomcat-embed-el\9.0.71\tomcat-embed-el-9.0.71.jar;E:\Software\Maven\apache-maven-3.8.5\mavenRepo\org\apache\tomcat\embed\tomcat-embed-websocket\9.0.71\tomcat-embed-websocket-9.0.71.jar;E:\Software\Maven\apache-maven-3.8.5\mavenRepo\org\springframework\spring-web\5.3.25\spring-web-5.3.25.jar;E:\Software\Maven\apache-maven-3.8.5\mavenRepo\org\springframework\spring-beans\5.3.25\spring-beans-5.3.25.jar;E:\Software\Maven\apache-maven-3.8.5\mavenRepo\org\springframework\spring-webmvc\5.3.25\spring-webmvc-5.3.25.jar;E:\Software\Maven\apache-maven-3.8.5\mavenRepo\org\springframework\spring-aop\5.3.25\spring-aop-5.3.25.jar;E:\Software\Maven\apache-maven-3.8.5\mavenRepo\org\springframework\spring-context\5.3.25\spring-context-5.3.25.jar;E:\Software\Maven\apache-maven-3.8.5\mavenRepo\org\springframework\spring-expression\5.3.25\spring-expression-5.3.25.jar;E:\Software\Maven\apache-maven-3.8.5\mavenRepo\org\springframework\boot\spring-boot-devtools\2.7.9\spring-boot-devtools-2.7.9.jar;E:\Software\Maven\apache-maven-3.8.5\mavenRepo\org\springframework\boot\spring-boot\2.7.9\spring-boot-2.7.9.jar;E:\Software\Maven\apache-maven-3.8.5\mavenRepo\org\springframework\boot\spring-boot-autoconfigure\2.7.9\spring-boot-autoconfigure-2.7.9.jar;E:\Software\Maven\apache-maven-3.8.5\mavenRepo\org\springframework\boot\spring-boot-configuration-processor\2.7.9\spring-boot-configuration-processor-2.7.9.jar;E:\Software\Maven\apache-maven-3.8.5\mavenRepo\org\springframework\boot\spring-boot-starter-test\2.7.9\spring-boot-starter-test-2.7.9.jar;E:\Software\Maven\apache-maven-3.8.5\mavenRepo\org\springframework\boot\spring-boot-test\2.7.9\spring-boot-test-2.7.9.jar;E:\Software\Maven\apache-maven-3.8.5\mavenRepo\org\springframework\boot\spring-boot-test-autoconfigure\2.7.9\spring-boot-test-autoconfigure-2.7.9.jar;E:\Software\Maven\apache-maven-3.8.5\mavenRepo\com\jayway\jsonpath\json-path\2.7.0\json-path-2.7.0.jar;E:\Software\Maven\apache-maven-3.8.5\mavenRepo\net\minidev\json-smart\2.4.8\json-smart-2.4.8.jar;E:\Software\Maven\apache-maven-3.8.5\mavenRepo\net\minidev\accessors-smart\2.4.8\accessors-smart-2.4.8.jar;E:\Software\Maven\apache-maven-3.8.5\mavenRepo\org\ow2\asm\asm\9.1\asm-9.1.jar;E:\Software\Maven\apache-maven-3.8.5\mavenRepo\jakarta\xml\bind\jakarta.xml.bind-api\2.3.3\jakarta.xml.bind-api-2.3.3.jar;E:\Software\Maven\apache-maven-3.8.5\mavenRepo\jakarta\activation\jakarta.activation-api\1.2.2\jakarta.activation-api-1.2.2.jar;E:\Software\Maven\apache-maven-3.8.5\mavenRepo\org\assertj\assertj-core\3.22.0\assertj-core-3.22.0.jar;E:\Software\Maven\apache-maven-3.8.5\mavenRepo\org\hamcrest\hamcrest\2.2\hamcrest-2.2.jar;E:\Software\Maven\apache-maven-3.8.5\mavenRepo\org\junit\jupiter\junit-jupiter\5.8.2\junit-jupiter-5.8.2.jar;E:\Software\Maven\apache-maven-3.8.5\mavenRepo\org\junit\jupiter\junit-jupiter-api\5.8.2\junit-jupiter-api-5.8.2.jar;E:\Software\Maven\apache-maven-3.8.5\mavenRepo\org\opentest4j\opentest4j\1.2.0\opentest4j-1.2.0.jar;E:\Software\Maven\apache-maven-3.8.5\mavenRepo\org\junit\platform\junit-platform-commons\1.8.2\junit-platform-commons-1.8.2.jar;E:\Software\Maven\apache-maven-3.8.5\mavenRepo\org\apiguardian\apiguardian-api\1.1.2\apiguardian-api-1.1.2.jar;E:\Software\Maven\apache-maven-3.8.5\mavenRepo\org\junit\jupiter\junit-jupiter-params\5.8.2\junit-jupiter-params-5.8.2.jar;E:\Software\Maven\apache-maven-3.8.5\mavenRepo\org\junit\jupiter\junit-jupiter-engine\5.8.2\junit-jupiter-engine-5.8.2.jar;E:\Software\Maven\apache-maven-3.8.5\mavenRepo\org\junit\platform\junit-platform-engine\1.8.2\junit-platform-engine-1.8.2.jar;E:\Software\Maven\apache-maven-3.8.5\mavenRepo\org\mockito\mockito-core\4.5.1\mockito-core-4.5.1.jar;E:\Software\Maven\apache-maven-3.8.5\mavenRepo\net\bytebuddy\byte-buddy\1.12.23\byte-buddy-1.12.23.jar;E:\Software\Maven\apache-maven-3.8.5\mavenRepo\net\bytebuddy\byte-buddy-agent\1.12.23\byte-buddy-agent-1.12.23.jar;E:\Software\Maven\apache-maven-3.8.5\mavenRepo\org\objenesis\objenesis\3.2\objenesis-3.2.jar;E:\Software\Maven\apache-maven-3.8.5\mavenRepo\org\mockito\mockito-junit-jupiter\4.5.1\mockito-junit-jupiter-4.5.1.jar;E:\Software\Maven\apache-maven-3.8.5\mavenRepo\org\skyscreamer\jsonassert\1.5.1\jsonassert-1.5.1.jar;E:\Software\Maven\apache-maven-3.8.5\mavenRepo\com\vaadin\external\google\android-json\0.0.20131108.vaadin1\android-json-0.0.20131108.vaadin1.jar;E:\Software\Maven\apache-maven-3.8.5\mavenRepo\org\springframework\spring-core\5.3.25\spring-core-5.3.25.jar;E:\Software\Maven\apache-maven-3.8.5\mavenRepo\org\springframework\spring-jcl\5.3.25\spring-jcl-5.3.25.jar;E:\Software\Maven\apache-maven-3.8.5\mavenRepo\org\springframework\spring-test\5.3.25\spring-test-5.3.25.jar;E:\Software\Maven\apache-maven-3.8.5\mavenRepo\org\xmlunit\xmlunit-core\2.9.1\xmlunit-core-2.9.1.jar;E:\Software\Maven\apache-maven-3.8.5\mavenRepo\com\mysql\mysql-connector-j\8.0.32\mysql-connector-j-8.0.32.jar;E:\Software\Maven\apache-maven-3.8.5\mavenRepo\org\projectlombok\lombok\1.18.26\lombok-1.18.26.jar;E:\Software\Maven\apache-maven-3.8.5\mavenRepo\io\springfox\springfox-swagger2\2.9.2\springfox-swagger2-2.9.2.jar;E:\Software\Maven\apache-maven-3.8.5\mavenRepo\io\swagger\swagger-annotations\1.5.20\swagger-annotations-1.5.20.jar;E:\Software\Maven\apache-maven-3.8.5\mavenRepo\io\swagger\swagger-models\1.5.20\swagger-models-1.5.20.jar;E:\Software\Maven\apache-maven-3.8.5\mavenRepo\com\fasterxml\jackson\core\jackson-annotations\2.13.5\jackson-annotations-2.13.5.jar;E:\Software\Maven\apache-maven-3.8.5\mavenRepo\io\springfox\springfox-spi\2.9.2\springfox-spi-2.9.2.jar;E:\Software\Maven\apache-maven-3.8.5\mavenRepo\io\springfox\springfox-core\2.9.2\springfox-core-2.9.2.jar;E:\Software\Maven\apache-maven-3.8.5\mavenRepo\io\springfox\springfox-schema\2.9.2\springfox-schema-2.9.2.jar;E:\Software\Maven\apache-maven-3.8.5\mavenRepo\io\springfox\springfox-swagger-common\2.9.2\springfox-swagger-common-2.9.2.jar;E:\Software\Maven\apache-maven-3.8.5\mavenRepo\io\springfox\springfox-spring-web\2.9.2\springfox-spring-web-2.9.2.jar;E:\Software\Maven\apache-maven-3.8.5\mavenRepo\com\google\guava\guava\20.0\guava-20.0.jar;E:\Software\Maven\apache-maven-3.8.5\mavenRepo\com\fasterxml\classmate\1.5.1\classmate-1.5.1.jar;E:\Software\Maven\apache-maven-3.8.5\mavenRepo\org\slf4j\slf4j-api\1.7.36\slf4j-api-1.7.36.jar;E:\Software\Maven\apache-maven-3.8.5\mavenRepo\org\springframework\plugin\spring-plugin-core\1.2.0.RELEASE\spring-plugin-core-1.2.0.RELEASE.jar;E:\Software\Maven\apache-maven-3.8.5\mavenRepo\org\springframework\plugin\spring-plugin-metadata\1.2.0.RELEASE\spring-plugin-metadata-1.2.0.RELEASE.jar;E:\Software\Maven\apache-maven-3.8.5\mavenRepo\org\mapstruct\mapstruct\1.2.0.Final\mapstruct-1.2.0.Final.jar;E:\Software\Maven\apache-maven-3.8.5\mavenRepo\io\springfox\springfox-swagger-ui\2.9.2\springfox-swagger-ui-2.9.2.jar;"/>
    <property name="sun.cpu.endian" value="little"/>
    <property name="user.home" value="C:\Users\18821"/>
    <property name="user.language" value="zh"/>
    <property name="java.specification.vendor" value="Oracle Corporation"/>
    <property name="java.version.date" value="2022-01-18"/>
    <property name="java.home" value="E:\Software\JDK"/>
    <property name="file.separator" value="\"/>
    <property name="basedir" value="E:\Workspace\ideaSpace\springboot-02"/>
    <property name="java.vm.compressedOopsMode" value="Zero based"/>
    <property name="line.separator" value="&#10;"/>
    <property name="java.specification.name" value="Java Platform API Specification"/>
    <property name="java.vm.specification.vendor" value="Oracle Corporation"/>
    <property name="java.awt.graphicsenv" value="sun.awt.Win32GraphicsEnvironment"/>
    <property name="surefire.real.class.path" value="C:\Users\18821\AppData\Local\Temp\surefire9859202009192878599\surefirebooter11050877408374711251.jar"/>
    <property name="user.script" value=""/>
    <property name="sun.management.compiler" value="HotSpot 64-Bit Tiered Compilers"/>
    <property name="java.runtime.version" value="11.0.14+8-LTS-263"/>
    <property name="user.name" value="18821"/>
    <property name="path.separator" value=";"/>
    <property name="os.version" value="10.0"/>
    <property name="java.runtime.name" value="Java(TM) SE Runtime Environment"/>
    <property name="file.encoding" value="GBK"/>
    <property name="java.vm.name" value="Java HotSpot(TM) 64-Bit Server VM"/>
    <property name="java.vendor.version" value="18.9"/>
    <property name="localRepository" value="E:\Software\Maven\apache-maven-3.8.5\mavenRepo"/>
    <property name="java.vendor.url.bug" value="https://bugreport.java.com/bugreport/"/>
    <property name="java.io.tmpdir" value="C:\Users\18821\AppData\Local\Temp\"/>
    <property name="idea.version" value="2021.3.2"/>
    <property name="java.version" value="11.0.14"/>
    <property name="user.dir" value="E:\Workspace\ideaSpace\springboot-02"/>
    <property name="os.arch" value="amd64"/>
    <property name="java.vm.specification.name" value="Java Virtual Machine Specification"/>
    <property name="java.awt.printerjob" value="sun.awt.windows.WPrinterJob"/>
    <property name="sun.os.patch.level" value=""/>
    <property name="java.library.path" value="E:\Software\JDK\bin;C:\WINDOWS\Sun\Java\bin;C:\WINDOWS\system32;C:\WINDOWS;C:\Program Files\Common Files\Oracle\Java\javapath;C:\WINDOWS\system32;C:\WINDOWS;C:\WINDOWS\System32\Wbem;C:\WINDOWS\System32\WindowsPowerShell\v1.0\;C:\WINDOWS\System32\OpenSSH\;E:\Software\Anaconda3;E:\Software\Anaconda3\Scripts;E:\Software\Anaconda3\Library\bin;E:\Software\Anaconda3\Library\mingw-w64\bin;E:\Software\JDK\bin;E:\Tools\Spark\spark-3.2.1-bin-hadoop3.2-scala2.13\bin;E:\Software\Scala\bin;E:\Software\Hadoop\hadoop-3.2.3\bin;C:\Program Files\Git\cmd;C:\Program Files\nodejs\;E:\Software\Maven\apache-maven-3.8.5\bin;C:\Users\18821\AppData\Local\Microsoft\WindowsApps;;E:\Software\Idea\IntelliJ IDEA 2021.3.2\bin;;C:\Users\18821\AppData\Roaming\npm;."/>
    <property name="java.vendor" value="Oracle Corporation"/>
    <property name="java.vm.info" value="mixed mode"/>
    <property name="java.vm.version" value="11.0.14+8-LTS-263"/>
    <property name="sun.io.unicode.encoding" value="UnicodeLittle"/>
    <property name="java.class.version" value="55.0"/>
  </properties>
  <testcase name="contextLoads" classname="com.atbjut.boot.Springboot02ApplicationTests" time="0.25"/>
</testsuite>